d:\c++\projects\blackjackv11.5\blackjack\blackjackv11\x64\debug\vc143.pdb
d:\c++\projects\blackjackv11.5\blackjack\blackjackv11\x64\debug\.netframework,version=v4.8.1.assemblyattributes.obj
d:\c++\projects\blackjackv11.5\blackjack\blackjackv11\x64\debug\source.obj
d:\c++\projects\blackjackv11.5\blackjack\blackjackv11\x64\debug\myform.obj
d:\c++\projects\blackjackv11.5\blackjack\blackjackv11\x64\debug\hand.obj
d:\c++\projects\blackjackv11.5\blackjack\blackjackv11\x64\debug\deck.obj
d:\c++\projects\blackjackv11.5\blackjack\blackjackv11\x64\debug\card.obj
d:\c++\projects\blackjackv11.5\blackjack\blackjackv11\x64\debug\blackjackpseudocode.obj
d:\c++\projects\blackjackv11.5\blackjack\x64\debug\blackjackv11.exe
d:\c++\projects\blackjackv11.5\blackjack\x64\debug\blackjackv11.pdb
d:\c++\projects\blackjackv11.5\blackjack\blackjackv11\x64\debug\blackjackv11.tlog\cl.command.1.tlog
d:\c++\projects\blackjackv11.5\blackjack\blackjackv11\x64\debug\blackjackv11.tlog\cl.items.tlog
d:\c++\projects\blackjackv11.5\blackjack\blackjackv11\x64\debug\blackjackv11.tlog\cl.read.1.tlog
d:\c++\projects\blackjackv11.5\blackjack\blackjackv11\x64\debug\blackjackv11.tlog\cl.write.1.tlog
d:\c++\projects\blackjackv11.5\blackjack\blackjackv11\x64\debug\blackjackv11.tlog\link.command.1.tlog
d:\c++\projects\blackjackv11.5\blackjack\blackjackv11\x64\debug\blackjackv11.tlog\link.read.1.tlog
d:\c++\projects\blackjackv11.5\blackjack\blackjackv11\x64\debug\blackjackv11.tlog\link.secondary.1.tlog
d:\c++\projects\blackjackv11.5\blackjack\blackjackv11\x64\debug\blackjackv11.tlog\link.write.1.tlog
d:\c++\projects\blackjackv11.5\blackjack\blackjackv11\x64\debug\blackjackv11.tlog\metagen.read.1.tlog
d:\c++\projects\blackjackv11.5\blackjack\blackjackv11\x64\debug\blackjackv11.tlog\metagen.write.1.tlog
d:\c++\projects\blackjackv11.5\blackjack\blackjackv11\x64\debug\blackjackv11.tlog\resgen.command.1.tlog
d:\c++\projects\blackjackv11.5\blackjack\blackjackv11\x64\debug\blackjackv11.tlog\resgen.read.1.tlog
d:\c++\projects\blackjackv11.5\blackjack\blackjackv11\x64\debug\blackjackv11.tlog\resgen.write.1.tlog
